<?xml version="1.0" encoding="UTF-8"?>
<!-- Generated by org.testng.reporters.JUnitReportReporter -->
<testsuite hostname="EC2AMAZ-AUAIU56" failures="0" tests="1" name="LoginPage" time="7.194" errors="0" timestamp="23 Jun 2022 07:16:42 GMT">
  <testcase classname="LoginPage" name="launchURL" time="7.194"/>
</testsuite> <!-- LoginPage -->
