<?xml version="1.0" encoding="UTF-8"?>
<!-- Generated by org.testng.reporters.JUnitReportReporter -->
<testsuite hostname="EC2AMAZ-AUAIU56" failures="0" tests="1" name="LoginPage.NewTest" time="40.519" errors="0" timestamp="23 Jun 2022 07:42:33 GMT">
  <testcase classname="LoginPage.NewTest" name="Testing" time="40.519"/>
</testsuite> <!-- LoginPage.NewTest -->
