<?xml version="1.0" encoding="UTF-8"?>
<!-- Generated by org.testng.reporters.JUnitReportReporter -->
<testsuite hostname="EC2AMAZ-AUAIU56" failures="0" tests="1" name="LoginPage.LaunchUrl" time="6.610" errors="0" timestamp="23 Jun 2022 07:25:26 GMT">
  <testcase classname="LoginPage.LaunchUrl" name="launchURL" time="6.610"/>
</testsuite> <!-- LoginPage.LaunchUrl -->
